<?xml version="1.0" encoding="UTF-8"?>
<!-- Generated by org.testng.reporters.JUnitXMLReporter -->
<testsuite ignored="0" hostname="Akshay-singh" failures="0" tests="3" name="Car Test" time="0.008" errors="0" timestamp="2023-10-02T17:04:01 IST">
  <testcase classname="testNgPack.Test3" name="ApiLoginCar" time="0.001"/>
  <testcase classname="testNgPack.Test3" name="MobileLoginCar" time="0.001"/>
  <testcase classname="testNgPack.Test3" name="WebLoginCar" time="0.001"/>
</testsuite> <!-- Car Test -->
