<?xml version="1.0" encoding="UTF-8"?>
<!-- Generated by org.testng.reporters.JUnitXMLReporter -->
<testsuite ignored="1" hostname="Akshay-singh" failures="0" tests="2" name="Car Test" time="0.016" errors="0" timestamp="2023-10-02T17:53:06 IST">
  <testcase classname="testNgPack.Test3" name="MobileLoginCar" time="0.002"/>
  <testcase classname="testNgPack.Test3" name="WebLoginCar" time="0.002"/>
  <testcase classname="testNgPack.Test3" name="ApiLoginCar" time="0.0">
    <ignored/>
  </testcase> <!-- ApiLoginCar -->
</testsuite> <!-- Car Test -->
