<?xml version="1.0" encoding="UTF-8"?>
<!-- Generated by org.testng.reporters.JUnitXMLReporter -->
<testsuite ignored="2" hostname="Akshay-singh" failures="0" tests="4" name="Personal" time="0.073" errors="0" timestamp="2023-10-04T12:28:48 IST">
  <testcase classname="testNgPack.Test1" name="Demo" time="0.006"/>
  <testcase classname="testNgPack.Test1" name="demo2" time="0.001"/>
  <testcase classname="testNgPack.Test2" name="Demo3" time="0.002"/>
  <testcase classname="testNgPack.Test4" name="ApiLoginHome" time="0.003"/>
  <testcase classname="testNgPack.Test4" name="MobileLoginHome" time="0.0">
    <ignored/>
  </testcase> <!-- MobileLoginHome -->
  <testcase classname="testNgPack.Test4" name="WebLoginHome" time="0.0">
    <ignored/>
  </testcase> <!-- WebLoginHome -->
</testsuite> <!-- Personal -->
