<?xml version="1.0" encoding="UTF-8"?>
<!-- Generated by org.testng.reporters.JUnitXMLReporter -->
<testsuite ignored="0" hostname="Akshay-singh" failures="0" tests="7" name="First Test" time="0.08" errors="0" timestamp="2023-10-04T13:36:35 IST">
  <testcase classname="anotationTest.Test1" name="Demo" time="0.004"/>
  <testcase classname="anotationTest.Test1" name="demo2" time="0.001"/>
  <testcase classname="anotationTest.Test3" name="ApiLoginCar" time="0.001"/>
  <testcase classname="anotationTest.Test3" name="ApiLoginCar1" time="0.001"/>
  <testcase classname="anotationTest.Test3" name="ApiLoginCar2" time="0.002"/>
  <testcase classname="anotationTest.Test3" name="MobileLoginCar" time="0.001"/>
  <testcase classname="anotationTest.Test3" name="WebLoginCar" time="0.001"/>
</testsuite> <!-- First Test -->
