<?xml version="1.0" encoding="UTF-8"?>
<!-- Generated by org.testng.reporters.JUnitXMLReporter -->
<testsuite ignored="0" hostname="Akshay-singh" failures="0" tests="4" name="Second test" time="0.008" errors="0" timestamp="2023-10-04T13:36:35 IST">
  <testcase classname="anotationTest.Test4" name="ApiLoginHome" time="0.001"/>
  <testcase classname="anotationTest.Test4" name="MobileLoginHome" time="0.0"/>
  <testcase classname="anotationTest.Test4" name="WebLoginHome" time="0.0"/>
  <testcase classname="anotationTest.Test2" name="Demo3" time="0.001"/>
</testsuite> <!-- Second test -->
