<?xml version="1.0" encoding="UTF-8"?>
<!-- Generated by org.testng.reporters.JUnitXMLReporter -->
<testsuite ignored="7" hostname="Akshay-singh" failures="0" tests="4" name="Test" time="0.067" errors="0" timestamp="2023-10-04T14:56:33 IST">
  <testcase classname="anotationTest.Test2" name="Demo3" time="0.008"/>
  <testcase classname="anotationTest.Test1" name="Demo" time="0.003"/>
  <testcase classname="anotationTest.Test4" name="MobileLoginHome" time="0.002"/>
  <testcase classname="anotationTest.Test3" name="ApiLoginCar" time="0.002"/>
  <testcase classname="anotationTest.Test3" name="ApiLoginCar1" time="0.0">
    <ignored/>
  </testcase> <!-- ApiLoginCar1 -->
  <testcase classname="anotationTest.Test3" name="ApiLoginCar2" time="0.0">
    <ignored/>
  </testcase> <!-- ApiLoginCar2 -->
  <testcase classname="anotationTest.Test3" name="WebLoginCar" time="0.0">
    <ignored/>
  </testcase> <!-- WebLoginCar -->
  <testcase classname="anotationTest.Test3" name="MobileLoginCar" time="0.0">
    <ignored/>
  </testcase> <!-- MobileLoginCar -->
  <testcase classname="anotationTest.Test4" name="ApiLoginHome" time="0.0">
    <ignored/>
  </testcase> <!-- ApiLoginHome -->
  <testcase classname="anotationTest.Test1" name="demo2" time="0.0">
    <ignored/>
  </testcase> <!-- demo2 -->
  <testcase classname="anotationTest.Test4" name="WebLoginHome" time="0.0">
    <ignored/>
  </testcase> <!-- WebLoginHome -->
</testsuite> <!-- Test -->
